<?xml version="1.0" encoding="UTF-8"?>
<!-- Generated by org.testng.reporters.JUnitXMLReporter -->
<testsuite ignored="0" hostname="Limitless-Hunt" failures="0" tests="4" name="Default test" time="0.084" errors="0" timestamp="2025-08-29T21:25:30 IST">
  <testcase classname="testng.AdactinHotelApp2" name="RegistrationTest" time="0.006"/>
  <testcase classname="testng.AdactinHotelApp2" name="loginTest" time="0.004"/>
  <testcase classname="testng.AdactinHotelApp2" name="ForgotPasswordTest" time="0.001"/>
  <testcase classname="testng.AdactinHotelApp2" name="ChangePasswordTest" time="0.002"/>
</testsuite> <!-- Default test -->
