<?xml version="1.0" encoding="UTF-8"?>
<testng-results ignored="0" total="1" passed="1" failed="0" skipped="0">
  <reporter-output>
  </reporter-output>
  <suite started-at="2025-09-05T21:17:44 IST" name="Default suite" finished-at="2025-09-05T21:18:38 IST" duration-ms="53895">
    <groups>
    </groups>
    <test started-at="2025-09-05T21:17:44 IST" name="Default test" finished-at="2025-09-05T21:18:38 IST" duration-ms="53895">
      <class name="handlings.FrameHandling2">
        <test-method is-config="true" signature="setUp()[pri:0, instance:handlings.FrameHandling2@413d1baf]" started-at="2025-09-05T21:17:44 IST" name="setUp" finished-at="2025-09-05T21:18:20 IST" duration-ms="35654" status="PASS">
          <reporter-output>
          </reporter-output>
        </test-method> <!-- setUp -->
        <test-method signature="frameHandling()[pri:0, instance:handlings.FrameHandling2@413d1baf]" started-at="2025-09-05T21:18:20 IST" name="frameHandling" finished-at="2025-09-05T21:18:32 IST" duration-ms="12864" status="PASS">
          <reporter-output>
          </reporter-output>
        </test-method> <!-- frameHandling -->
        <test-method is-config="true" signature="tearDown()[pri:0, instance:handlings.FrameHandling2@413d1baf]" started-at="2025-09-05T21:18:32 IST" name="tearDown" finished-at="2025-09-05T21:18:38 IST" duration-ms="5320" status="PASS">
          <reporter-output>
          </reporter-output>
        </test-method> <!-- tearDown -->
      </class> <!-- handlings.FrameHandling2 -->
    </test> <!-- Default test -->
  </suite> <!-- Default suite -->
</testng-results>
